Flow report for guitarEffects
Thu Nov 06 21:16:22 2014
Quartus II Version 9.1 Build 350 03/24/2010 Service Pack 2 SJ Web Edition


---------------------
; Table of Contents ;
---------------------
  1. Legal Notice
  2. Flow Summary
  3. Flow Settings
  4. Flow Non-Default Global Settings
  5. Flow Elapsed Time
  6. Flow OS Summary
  7. Flow Log



----------------
; Legal Notice ;
----------------
Copyright (C) 1991-2010 Altera Corporation
Your use of Altera Corporation's design tools, logic functions 
and other software and tools, and its AMPP partner logic 
functions, and any output files from any of the foregoing 
(including device programming or simulation files), and any 
associated documentation or information are expressly subject 
to the terms and conditions of the Altera Program License 
Subscription Agreement, Altera MegaCore Function License 
Agreement, or other applicable license agreement, including, 
without limitation, that your use is for the sole purpose of 
programming logic devices manufactured by Altera and sold by 
Altera or its authorized distributors.  Please refer to the 
applicable agreement for further details.



+------------------------------------------------------------------------+
; Flow Summary                                                           ;
+-------------------------+----------------------------------------------+
; Flow Status             ; Successful - Thu Nov 06 21:16:22 2014        ;
; Quartus II Version      ; 9.1 Build 350 03/24/2010 SP 2 SJ Web Edition ;
; Revision Name           ; guitarEffects                                ;
; Top-level Entity Name   ; gutiarEffects                                ;
; Family                  ; MAX3000A                                     ;
; Device                  ; EPM3064ALC44-10                              ;
; Timing Models           ; Final                                        ;
; Met timing requirements ; Yes                                          ;
; Total macrocells        ; 1 / 64 ( 2 % )                               ;
; Total pins              ; 9 / 34 ( 26 % )                              ;
+-------------------------+----------------------------------------------+


+-----------------------------------------+
; Flow Settings                           ;
+-------------------+---------------------+
; Option            ; Setting             ;
+-------------------+---------------------+
; Start date & time ; 11/06/2014 21:16:19 ;
; Main task         ; Compilation         ;
; Revision Name     ; guitarEffects       ;
+-------------------+---------------------+


+------------------------------------------------------------------------------------------------------------------------------------------------+
; Flow Non-Default Global Settings                                                                                                               ;
+------------------------------------+------------------------------------------------------------+---------------+-------------+----------------+
; Assignment Name                    ; Value                                                      ; Default Value ; Entity Name ; Section Id     ;
+------------------------------------+------------------------------------------------------------+---------------+-------------+----------------+
; COMPILER_SIGNATURE_ID              ; 198414846281555.141532657900076                            ; --            ; --          ; --             ;
; MAX_CORE_JUNCTION_TEMP             ; 85                                                         ; --            ; --          ; --             ;
; MIN_CORE_JUNCTION_TEMP             ; 0                                                          ; --            ; --          ; --             ;
; MISC_FILE                          ; E:/Documents/Clone/guitarEffects/Quartus/guitarEffects.dpf ; --            ; --          ; --             ;
; TOP_LEVEL_ENTITY                   ; gutiarEffects                                              ; guitarEffects ; --          ; --             ;
; USE_GENERATED_PHYSICAL_CONSTRAINTS ; Off                                                        ; --            ; --          ; eda_blast_fpga ;
+------------------------------------+------------------------------------------------------------+---------------+-------------+----------------+


+-----------------------------------------------------------------------------------------------------------------------------+
; Flow Elapsed Time                                                                                                           ;
+-------------------------+--------------+-------------------------+---------------------+------------------------------------+
; Module Name             ; Elapsed Time ; Average Processors Used ; Peak Virtual Memory ; Total CPU Time (on all processors) ;
+-------------------------+--------------+-------------------------+---------------------+------------------------------------+
; Analysis & Synthesis    ; 00:00:01     ; 1.0                     ; 231 MB              ; 00:00:01                           ;
; Fitter                  ; 00:00:00     ; 1.0                     ; 182 MB              ; 00:00:00                           ;
; Assembler               ; 00:00:00     ; 1.0                     ; 190 MB              ; 00:00:00                           ;
; Classic Timing Analyzer ; 00:00:00     ; 1.0                     ; 161 MB              ; 00:00:00                           ;
; Total                   ; 00:00:01     ; --                      ; --                  ; 00:00:01                           ;
+-------------------------+--------------+-------------------------+---------------------+------------------------------------+


+------------------------------------------------------------------------------------------+
; Flow OS Summary                                                                          ;
+-------------------------+------------------+---------------+------------+----------------+
; Module Name             ; Machine Hostname ; OS Name       ; OS Version ; Processor type ;
+-------------------------+------------------+---------------+------------+----------------+
; Analysis & Synthesis    ; desktop          ; Windows Vista ; 6.2        ; x86_64         ;
; Fitter                  ; desktop          ; Windows Vista ; 6.2        ; x86_64         ;
; Assembler               ; desktop          ; Windows Vista ; 6.2        ; x86_64         ;
; Classic Timing Analyzer ; desktop          ; Windows Vista ; 6.2        ; x86_64         ;
+-------------------------+------------------+---------------+------------+----------------+


------------
; Flow Log ;
------------
quartus_map --read_settings_files=on --write_settings_files=off guitarEffects -c guitarEffects
quartus_fit --read_settings_files=off --write_settings_files=off guitarEffects -c guitarEffects
quartus_asm --read_settings_files=off --write_settings_files=off guitarEffects -c guitarEffects
quartus_tan --read_settings_files=off --write_settings_files=off guitarEffects -c guitarEffects



